2024-08-29 00:28:31,697 - service-backup - INFO - sqq
2024-08-29 00:29:02,783 - service-backup - INFO - sqq /global-settings.json
2024-08-29 00:36:43,900 - service-backup - INFO - sqq /global-settings.json
2024-08-29 00:38:18,078 - service-backup - INFO - sqq /global-settings.json
2024-08-29 00:38:18,078 - service-backup - INFO - ROOT_DIR /
2024-08-29 00:42:42,368 - service-backup - INFO - sqq /home/alexd/Projects/Python/BlueProject/SKUD/global-settings.json
2024-08-29 00:42:42,368 - service-backup - INFO - ROOT_DIR /home/alexd/Projects/Python/BlueProject/SKUD
2024-08-29 00:42:42,368 - service-backup - INFO - ("{'a': {'ROOM_PORT_MAP': {'0': 'COM7'}, 'PORT': 8080}, 'b': {'ROOM_PORT_MAP': {'0': 'COM7'}, 'PORT': 8080}}", 'global_settings')
2024-08-29 00:42:42,368 - service-backup - INFO - ("{'b', 'a'}", 'ENABLED')
2024-08-29 00:42:42,368 - service-backup - INFO - ('a', 'PLACE')
2024-08-29 00:42:42,370 - service-backup - INFO - ('b', 'PLACE')
2024-08-29 00:42:45,375 - service-backup - INFO - wll
2024-08-29 00:42:45,376 - service-backup - INFO - wll
2024-08-29 00:42:46,377 - service-backup - INFO - wll
2024-08-29 00:42:46,377 - service-backup - INFO - 77354
2024-08-29 00:42:46,377 - service-backup - INFO - wll
2024-08-29 00:42:46,378 - service-backup - INFO - 77355
2024-08-29 00:53:15,861 - service-backup - INFO - sqq /home/alexd/Projects/Python/BlueProject/SKUD/global-settings.json
2024-08-29 00:53:15,861 - service-backup - INFO - ROOT_DIR /home/alexd/Projects/Python/BlueProject/SKUD
2024-08-29 00:53:15,861 - service-backup - INFO - ("{'a': {'ROOM_PORT_MAP': {'0': 'COM7'}, 'PORT': 8080}, 'b': {'ROOM_PORT_MAP': {'0': 'COM7'}, 'PORT': 8080}}", 'global_settings')
2024-08-29 00:53:15,861 - service-backup - INFO - ("{'a', 'b'}", 'ENABLED')
2024-08-29 00:53:15,861 - service-backup - INFO - ('a', 'PLACE')
2024-08-29 00:53:15,862 - service-backup - INFO - ('b', 'PLACE')
2024-08-29 01:06:13,179 - service-backup - INFO - sqq /home/alexd/Projects/Python/BlueProject/SKUD/global-settings.json
2024-08-29 01:06:13,179 - service-backup - INFO - ROOT_DIR /home/alexd/Projects/Python/BlueProject/SKUD
2024-08-29 01:06:13,180 - service-backup - INFO - ("{'a': {'ROOM_PORT_MAP': {'0': 'COM7'}, 'PORT': 8080}, 'b': {'ROOM_PORT_MAP': {'0': 'COM7'}, 'PORT': 8080}}", 'global_settings')
2024-08-29 01:06:13,180 - service-backup - INFO - ("{'b', 'a'}", 'ENABLED')
2024-08-29 01:06:13,180 - service-backup - INFO - ('a', 'PLACE')
2024-08-29 01:06:13,181 - service-backup - INFO - ('b', 'PLACE')
2024-08-29 01:07:30,649 - service-backup - INFO - sqq /home/alexd/Projects/Python/BlueProject/SKUD/global-settings.json
2024-08-29 01:07:30,649 - service-backup - INFO - ROOT_DIR /home/alexd/Projects/Python/BlueProject/SKUD
2024-08-29 01:07:30,649 - service-backup - INFO - ("{'a': {'ROOM_PORT_MAP': {'0': 'COM7'}, 'PORT': 8080}, 'b': {'ROOM_PORT_MAP': {'0': 'COM7'}, 'PORT': 8080}}", 'global_settings')
2024-08-29 01:07:30,649 - service-backup - INFO - ("{'a', 'b'}", 'ENABLED')
2024-08-29 01:07:30,649 - service-backup - INFO - ('a', 'PLACE')
2024-08-29 01:07:30,650 - service-backup - INFO - ('b', 'PLACE')
2024-08-29 01:43:10,178 - service-backup - INFO - sqq /home/alexd/Projects/Python/BlueProject/SKUD/global-settings.json
2024-08-29 01:43:10,178 - service-backup - INFO - ROOT_DIR /home/alexd/Projects/Python/BlueProject/SKUD
2024-08-29 01:43:10,178 - service-backup - INFO - ("{'a': {'ROOM_PORT_MAP': {'0': '/dev/ttyACM0'}, 'PORT': 8080}, 'b': {'ROOM_PORT_MAP': {'0': '/dev/ttyACM0'}, 'PORT': 8080}}", 'global_settings')
2024-08-29 01:43:10,178 - service-backup - INFO - ("{'b', 'a'}", 'ENABLED')
2024-08-29 01:43:10,178 - service-backup - INFO - ('a', 'PLACE')
2024-08-29 01:43:10,179 - service-backup - INFO - ('b', 'PLACE')
2024-08-29 01:45:55,174 - service-backup - INFO - sqq /home/alexd/Projects/Python/BlueProject/SKUD/global-settings.json
2024-08-29 01:45:55,175 - service-backup - INFO - ROOT_DIR /home/alexd/Projects/Python/BlueProject/SKUD
2024-08-29 01:45:55,175 - service-backup - INFO - ("{'a': {'ROOM_PORT_MAP': {'0': '/dev/ttyACM0'}, 'PORT': 8080}}", 'global_settings')
2024-08-29 01:45:55,175 - service-backup - INFO - ("{'a'}", 'ENABLED')
2024-08-29 01:45:55,175 - service-backup - INFO - ('a', 'PLACE')
2024-08-29 01:46:40,087 - service-backup - INFO - sqq /home/alexd/Projects/Python/BlueProject/SKUD/global-settings.json
2024-08-29 01:46:40,087 - service-backup - INFO - ROOT_DIR /home/alexd/Projects/Python/BlueProject/SKUD
2024-08-29 01:46:40,087 - service-backup - INFO - ("{'a': {'ROOM_PORT_MAP': {'0': '/dev/ttyACM0'}, 'PORT': 9092}}", 'global_settings')
2024-08-29 01:46:40,087 - service-backup - INFO - ("{'a'}", 'ENABLED')
2024-08-29 01:46:40,088 - service-backup - INFO - ('a', 'PLACE')
